[debug] [2020-06-30T19:56:11.623Z] ----------------------------------------------------------------------
[debug] [2020-06-30T19:56:11.624Z] Command:       /usr/local/bin/firebase /home/sushi/.cache/firebase/tools/lib/node_modules/firebase-tools/lib/bin/firebase serve
[debug] [2020-06-30T19:56:11.624Z] CLI Version:   8.4.3
[debug] [2020-06-30T19:56:11.624Z] Platform:      linux
[debug] [2020-06-30T19:56:11.625Z] Node Version:  v12.16.1
[debug] [2020-06-30T19:56:11.625Z] Time:          Tue Jun 30 2020 19:56:11 GMT+0000 (Greenwich Mean Time)
[debug] [2020-06-30T19:56:11.625Z] ----------------------------------------------------------------------
[debug] [2020-06-30T19:56:11.625Z] 
[debug] [2020-06-30T19:56:11.629Z] > command requires scopes: ["email","openid","https://www.googleapis.com/auth/cloudplatformprojects.readonly","https://www.googleapis.com/auth/firebase","https://www.googleapis.com/auth/cloud-platform"]
[debug] [2020-06-30T19:56:11.629Z] > authorizing via signed-in user
[debug] [2020-06-30T19:56:11.629Z] [iam] checking project whatstheirface-f19b7 for permissions ["firebase.projects.get"]
[debug] [2020-06-30T19:56:11.631Z] >>> HTTP REQUEST POST https://cloudresourcemanager.googleapis.com/v1/projects/whatstheirface-f19b7:testIamPermissions  
 {"permissions":["firebase.projects.get"]}
[debug] [2020-06-30T19:56:12.109Z] <<< HTTP RESPONSE 200 {"content-type":"application/json; charset=UTF-8","vary":"X-Origin, Referer, Origin,Accept-Encoding","date":"Tue, 30 Jun 2020 14:29:41 GMT","server":"ESF","cache-control":"private","x-xss-protection":"0","x-frame-options":"SAMEORIGIN","x-content-type-options":"nosniff","server-timing":"gfet4t7; dur=221","alt-svc":"h3-27=\":443\"; ma=2592000,h3-25=\":443\"; ma=2592000,h3-T050=\":443\"; ma=2592000,h3-Q050=\":443\"; ma=2592000,h3-Q046=\":443\"; ma=2592000,h3-Q043=\":443\"; ma=2592000,quic=\":443\"; ma=2592000; v=\"46,43\"","accept-ranges":"none","transfer-encoding":"chunked"}
[debug] [2020-06-30T19:56:12.110Z] >>> HTTP REQUEST GET https://firebase.googleapis.com/v1beta1/projects/whatstheirface-f19b7  
 
[debug] [2020-06-30T19:56:12.606Z] <<< HTTP RESPONSE 200 {"content-type":"application/json; charset=UTF-8","vary":"X-Origin, Referer, Origin,Accept-Encoding","date":"Tue, 30 Jun 2020 14:29:41 GMT","server":"ESF","cache-control":"private","x-xss-protection":"0","x-frame-options":"SAMEORIGIN","x-content-type-options":"nosniff","alt-svc":"h3-27=\":443\"; ma=2592000,h3-25=\":443\"; ma=2592000,h3-T050=\":443\"; ma=2592000,h3-Q050=\":443\"; ma=2592000,h3-Q046=\":443\"; ma=2592000,h3-Q043=\":443\"; ma=2592000,quic=\":443\"; ma=2592000; v=\"46,43\"","accept-ranges":"none","transfer-encoding":"chunked"}
[info] 
[info] === Serving from '/home/sushi/code/FaceReco/whatstheirface'...
[info] 
[debug] [2020-06-30T19:56:12.610Z] >>> HTTP REQUEST GET https://firebase.googleapis.com/v1beta1/projects/whatstheirface-f19b7/webApps/-/config  
 
[warn] ⚠  Your requested "node" version "8" doesn't match your global version "12" {"metadata":{"emulator":{"name":"functions"},"message":"Your requested \"node\" version \"8\" doesn't match your global version \"12\""}}
[debug] [2020-06-30T19:56:13.532Z] <<< HTTP RESPONSE 200 {"content-type":"application/json; charset=UTF-8","vary":"X-Origin, Referer, Origin,Accept-Encoding","date":"Tue, 30 Jun 2020 14:29:42 GMT","server":"ESF","cache-control":"private","x-xss-protection":"0","x-frame-options":"SAMEORIGIN","x-content-type-options":"nosniff","alt-svc":"h3-27=\":443\"; ma=2592000,h3-25=\":443\"; ma=2592000,h3-T050=\":443\"; ma=2592000,h3-Q050=\":443\"; ma=2592000,h3-Q046=\":443\"; ma=2592000,h3-Q043=\":443\"; ma=2592000,quic=\":443\"; ma=2592000; v=\"46,43\"","accept-ranges":"none","transfer-encoding":"chunked"}
[info] i  functions: Watching "/home/sushi/code/FaceReco/whatstheirface/functions" for Cloud Functions... {"metadata":{"emulator":{"name":"functions"},"message":"Watching \"/home/sushi/code/FaceReco/whatstheirface/functions\" for Cloud Functions..."}}
[debug] [2020-06-30T19:56:13.588Z] [worker-pool] addWorker(~diagnostic~) {"metadata":{"emulator":{"name":"functions"},"message":"[worker-pool] addWorker(~diagnostic~)"}}
[debug] [2020-06-30T19:56:13.589Z] [worker-pool] Adding worker with key ~diagnostic~, total=1 {"metadata":{"emulator":{"name":"functions"},"message":"[worker-pool] Adding worker with key ~diagnostic~, total=1"}}
[debug] [2020-06-30T19:56:13.589Z] [worker-pool] submitWork(triggerId=) {"metadata":{"emulator":{"name":"functions"},"message":"[worker-pool] submitWork(triggerId=)"}}
[debug] [2020-06-30T19:56:13.589Z] [worker-~diagnostic~-4978aa1d-5170-4f0e-9cc1-f60de351a9b0]: Assigning socketPath: /tmp/fire_emu_4089.sock {"metadata":{"emulator":{"name":"functions"},"message":"[worker-~diagnostic~-4978aa1d-5170-4f0e-9cc1-f60de351a9b0]: Assigning socketPath: /tmp/fire_emu_4089.sock"}}
[debug] [2020-06-30T19:56:13.589Z] [worker-~diagnostic~-4978aa1d-5170-4f0e-9cc1-f60de351a9b0]: BUSY {"metadata":{"emulator":{"name":"functions"},"message":"[worker-~diagnostic~-4978aa1d-5170-4f0e-9cc1-f60de351a9b0]: BUSY"}}
[info] i  hosting: Serving hosting files from: public {"metadata":{"emulator":{"name":"hosting"},"message":"Serving hosting files from: \u001b[1mpublic\u001b[22m"}}
[info] ✔  hosting: Local server: http://localhost:5000 {"metadata":{"emulator":{"name":"hosting"},"message":"Local server: \u001b[4m\u001b[1mhttp://localhost:5000\u001b[22m\u001b[24m"}}
[debug] [2020-06-30T19:56:13.778Z] [runtime-status] [4089] Functions runtime initialized. {"cwd":"/home/sushi/code/FaceReco/whatstheirface/functions","node_version":"12.16.1"} {"metadata":{"emulator":{"name":"functions"},"message":"[runtime-status] [4089] Functions runtime initialized. {\"cwd\":\"/home/sushi/code/FaceReco/whatstheirface/functions\",\"node_version\":\"12.16.1\"}"}}
[debug] [2020-06-30T19:56:13.778Z] [runtime-status] [4089] Disabled runtime features: undefined {"metadata":{"emulator":{"name":"functions"},"message":"[runtime-status] [4089] Disabled runtime features: undefined"}}
[warn] ⚠  The Cloud Functions emulator requires the module "firebase-admin" to be installed. This package is in your package.json, but it's not available. You probably need to run "npm install" in your functions directory. {"metadata":{"emulator":{"name":"functions"},"message":"The Cloud Functions emulator requires the module \"firebase-admin\" to be installed. This package is in your package.json, but it's not available. You probably need to run \"npm install\" in your functions directory."}}
[info] i  functions: Your functions could not be parsed due to an issue with your node_modules (see above) {"metadata":{"emulator":{"name":"functions"},"message":"Your functions could not be parsed due to an issue with your node_modules (see above)"}}
[debug] [2020-06-30T19:56:13.793Z] [worker-~diagnostic~-4978aa1d-5170-4f0e-9cc1-f60de351a9b0]: exited {"metadata":{"emulator":{"name":"functions"},"message":"[worker-~diagnostic~-4978aa1d-5170-4f0e-9cc1-f60de351a9b0]: exited"}}
[debug] [2020-06-30T19:56:13.793Z] [worker-~diagnostic~-4978aa1d-5170-4f0e-9cc1-f60de351a9b0]: FINISHED {"metadata":{"emulator":{"name":"functions"},"message":"[worker-~diagnostic~-4978aa1d-5170-4f0e-9cc1-f60de351a9b0]: FINISHED"}}
[debug] [2020-06-30T19:56:21.166Z] ----------------------------------------------------------------------
[debug] [2020-06-30T19:56:21.167Z] Command:       /usr/local/bin/firebase /home/sushi/.cache/firebase/tools/lib/node_modules/firebase-tools/lib/bin/firebase serve
[debug] [2020-06-30T19:56:21.167Z] CLI Version:   8.4.3
[debug] [2020-06-30T19:56:21.167Z] Platform:      linux
[debug] [2020-06-30T19:56:21.167Z] Node Version:  v12.16.1
[debug] [2020-06-30T19:56:21.167Z] Time:          Tue Jun 30 2020 19:56:21 GMT+0000 (Greenwich Mean Time)
[debug] [2020-06-30T19:56:21.167Z] ----------------------------------------------------------------------
[debug] [2020-06-30T19:56:21.167Z] 
[debug] [2020-06-30T19:56:21.171Z] > command requires scopes: ["email","openid","https://www.googleapis.com/auth/cloudplatformprojects.readonly","https://www.googleapis.com/auth/firebase","https://www.googleapis.com/auth/cloud-platform"]
[debug] [2020-06-30T19:56:21.171Z] > authorizing via signed-in user
[debug] [2020-06-30T19:56:21.171Z] [iam] checking project whatstheirface-f19b7 for permissions ["firebase.projects.get"]
[debug] [2020-06-30T19:56:21.173Z] >>> HTTP REQUEST POST https://cloudresourcemanager.googleapis.com/v1/projects/whatstheirface-f19b7:testIamPermissions  
 {"permissions":["firebase.projects.get"]}
[debug] [2020-06-30T19:56:22.751Z] <<< HTTP RESPONSE 200 {"content-type":"application/json; charset=UTF-8","vary":"X-Origin, Referer, Origin,Accept-Encoding","date":"Tue, 30 Jun 2020 14:29:51 GMT","server":"ESF","cache-control":"private","x-xss-protection":"0","x-frame-options":"SAMEORIGIN","x-content-type-options":"nosniff","server-timing":"gfet4t7; dur=1155","alt-svc":"h3-27=\":443\"; ma=2592000,h3-25=\":443\"; ma=2592000,h3-T050=\":443\"; ma=2592000,h3-Q050=\":443\"; ma=2592000,h3-Q046=\":443\"; ma=2592000,h3-Q043=\":443\"; ma=2592000,quic=\":443\"; ma=2592000; v=\"46,43\"","accept-ranges":"none","transfer-encoding":"chunked"}
[debug] [2020-06-30T19:56:22.752Z] >>> HTTP REQUEST GET https://firebase.googleapis.com/v1beta1/projects/whatstheirface-f19b7  
 
[debug] [2020-06-30T19:56:23.371Z] <<< HTTP RESPONSE 200 {"content-type":"application/json; charset=UTF-8","vary":"X-Origin, Referer, Origin,Accept-Encoding","date":"Tue, 30 Jun 2020 14:29:52 GMT","server":"ESF","cache-control":"private","x-xss-protection":"0","x-frame-options":"SAMEORIGIN","x-content-type-options":"nosniff","alt-svc":"h3-27=\":443\"; ma=2592000,h3-25=\":443\"; ma=2592000,h3-T050=\":443\"; ma=2592000,h3-Q050=\":443\"; ma=2592000,h3-Q046=\":443\"; ma=2592000,h3-Q043=\":443\"; ma=2592000,quic=\":443\"; ma=2592000; v=\"46,43\"","accept-ranges":"none","transfer-encoding":"chunked"}
[info] 
[info] === Serving from '/home/sushi/code/FaceReco/whatstheirface'...
[info] 
[debug] [2020-06-30T19:56:23.380Z] >>> HTTP REQUEST GET https://firebase.googleapis.com/v1beta1/projects/whatstheirface-f19b7/webApps/-/config  
 
[warn] ⚠  Your requested "node" version "8" doesn't match your global version "12" {"metadata":{"emulator":{"name":"functions"},"message":"Your requested \"node\" version \"8\" doesn't match your global version \"12\""}}
[debug] [2020-06-30T19:56:24.403Z] <<< HTTP RESPONSE 200 {"content-type":"application/json; charset=UTF-8","vary":"X-Origin, Referer, Origin,Accept-Encoding","date":"Tue, 30 Jun 2020 14:29:53 GMT","server":"ESF","cache-control":"private","x-xss-protection":"0","x-frame-options":"SAMEORIGIN","x-content-type-options":"nosniff","alt-svc":"h3-27=\":443\"; ma=2592000,h3-25=\":443\"; ma=2592000,h3-T050=\":443\"; ma=2592000,h3-Q050=\":443\"; ma=2592000,h3-Q046=\":443\"; ma=2592000,h3-Q043=\":443\"; ma=2592000,quic=\":443\"; ma=2592000; v=\"46,43\"","accept-ranges":"none","transfer-encoding":"chunked"}
[info] i  functions: Watching "/home/sushi/code/FaceReco/whatstheirface/functions" for Cloud Functions... {"metadata":{"emulator":{"name":"functions"},"message":"Watching \"/home/sushi/code/FaceReco/whatstheirface/functions\" for Cloud Functions..."}}
[debug] [2020-06-30T19:56:24.460Z] [worker-pool] addWorker(~diagnostic~) {"metadata":{"emulator":{"name":"functions"},"message":"[worker-pool] addWorker(~diagnostic~)"}}
[debug] [2020-06-30T19:56:24.460Z] [worker-pool] Adding worker with key ~diagnostic~, total=1 {"metadata":{"emulator":{"name":"functions"},"message":"[worker-pool] Adding worker with key ~diagnostic~, total=1"}}
[debug] [2020-06-30T19:56:24.460Z] [worker-pool] submitWork(triggerId=) {"metadata":{"emulator":{"name":"functions"},"message":"[worker-pool] submitWork(triggerId=)"}}
[debug] [2020-06-30T19:56:24.460Z] [worker-~diagnostic~-5d82d3a8-b4eb-4447-9c69-f23ce3c31217]: Assigning socketPath: /tmp/fire_emu_4145.sock {"metadata":{"emulator":{"name":"functions"},"message":"[worker-~diagnostic~-5d82d3a8-b4eb-4447-9c69-f23ce3c31217]: Assigning socketPath: /tmp/fire_emu_4145.sock"}}
[debug] [2020-06-30T19:56:24.461Z] [worker-~diagnostic~-5d82d3a8-b4eb-4447-9c69-f23ce3c31217]: BUSY {"metadata":{"emulator":{"name":"functions"},"message":"[worker-~diagnostic~-5d82d3a8-b4eb-4447-9c69-f23ce3c31217]: BUSY"}}
[info] i  hosting: Serving hosting files from: public {"metadata":{"emulator":{"name":"hosting"},"message":"Serving hosting files from: \u001b[1mpublic\u001b[22m"}}
[info] ✔  hosting: Local server: http://localhost:5000 {"metadata":{"emulator":{"name":"hosting"},"message":"Local server: \u001b[4m\u001b[1mhttp://localhost:5000\u001b[22m\u001b[24m"}}
[debug] [2020-06-30T19:56:24.649Z] [runtime-status] [4145] Functions runtime initialized. {"cwd":"/home/sushi/code/FaceReco/whatstheirface/functions","node_version":"12.16.1"} {"metadata":{"emulator":{"name":"functions"},"message":"[runtime-status] [4145] Functions runtime initialized. {\"cwd\":\"/home/sushi/code/FaceReco/whatstheirface/functions\",\"node_version\":\"12.16.1\"}"}}
[debug] [2020-06-30T19:56:24.649Z] [runtime-status] [4145] Disabled runtime features: undefined {"metadata":{"emulator":{"name":"functions"},"message":"[runtime-status] [4145] Disabled runtime features: undefined"}}
[warn] ⚠  The Cloud Functions emulator requires the module "firebase-admin" to be installed. This package is in your package.json, but it's not available. You probably need to run "npm install" in your functions directory. {"metadata":{"emulator":{"name":"functions"},"message":"The Cloud Functions emulator requires the module \"firebase-admin\" to be installed. This package is in your package.json, but it's not available. You probably need to run \"npm install\" in your functions directory."}}
[info] i  functions: Your functions could not be parsed due to an issue with your node_modules (see above) {"metadata":{"emulator":{"name":"functions"},"message":"Your functions could not be parsed due to an issue with your node_modules (see above)"}}
[debug] [2020-06-30T19:56:24.664Z] [worker-~diagnostic~-5d82d3a8-b4eb-4447-9c69-f23ce3c31217]: exited {"metadata":{"emulator":{"name":"functions"},"message":"[worker-~diagnostic~-5d82d3a8-b4eb-4447-9c69-f23ce3c31217]: exited"}}
[debug] [2020-06-30T19:56:24.665Z] [worker-~diagnostic~-5d82d3a8-b4eb-4447-9c69-f23ce3c31217]: FINISHED {"metadata":{"emulator":{"name":"functions"},"message":"[worker-~diagnostic~-5d82d3a8-b4eb-4447-9c69-f23ce3c31217]: FINISHED"}}
[debug] [2020-06-30T19:56:29.720Z] ----------------------------------------------------------------------
[debug] [2020-06-30T19:56:29.722Z] Command:       /usr/local/bin/firebase /home/sushi/.cache/firebase/tools/lib/node_modules/firebase-tools/lib/bin/firebase serve
[debug] [2020-06-30T19:56:29.722Z] CLI Version:   8.4.3
[debug] [2020-06-30T19:56:29.722Z] Platform:      linux
[debug] [2020-06-30T19:56:29.722Z] Node Version:  v12.16.1
[debug] [2020-06-30T19:56:29.722Z] Time:          Tue Jun 30 2020 19:56:29 GMT+0000 (Greenwich Mean Time)
[debug] [2020-06-30T19:56:29.722Z] ----------------------------------------------------------------------
[debug] [2020-06-30T19:56:29.722Z] 
[debug] [2020-06-30T19:56:29.726Z] > command requires scopes: ["email","openid","https://www.googleapis.com/auth/cloudplatformprojects.readonly","https://www.googleapis.com/auth/firebase","https://www.googleapis.com/auth/cloud-platform"]
[debug] [2020-06-30T19:56:29.726Z] > authorizing via signed-in user
[debug] [2020-06-30T19:56:29.727Z] [iam] checking project whatstheirface-f19b7 for permissions ["firebase.projects.get"]
[debug] [2020-06-30T19:56:29.728Z] >>> HTTP REQUEST POST https://cloudresourcemanager.googleapis.com/v1/projects/whatstheirface-f19b7:testIamPermissions  
 {"permissions":["firebase.projects.get"]}
[debug] [2020-06-30T19:56:31.235Z] <<< HTTP RESPONSE 200 {"content-type":"application/json; charset=UTF-8","vary":"X-Origin, Referer, Origin,Accept-Encoding","date":"Tue, 30 Jun 2020 14:30:00 GMT","server":"ESF","cache-control":"private","x-xss-protection":"0","x-frame-options":"SAMEORIGIN","x-content-type-options":"nosniff","server-timing":"gfet4t7; dur=1146","alt-svc":"h3-27=\":443\"; ma=2592000,h3-25=\":443\"; ma=2592000,h3-T050=\":443\"; ma=2592000,h3-Q050=\":443\"; ma=2592000,h3-Q046=\":443\"; ma=2592000,h3-Q043=\":443\"; ma=2592000,quic=\":443\"; ma=2592000; v=\"46,43\"","accept-ranges":"none","transfer-encoding":"chunked"}
[debug] [2020-06-30T19:56:31.236Z] >>> HTTP REQUEST GET https://firebase.googleapis.com/v1beta1/projects/whatstheirface-f19b7  
 
[debug] [2020-06-30T19:56:31.842Z] <<< HTTP RESPONSE 200 {"content-type":"application/json; charset=UTF-8","vary":"X-Origin, Referer, Origin,Accept-Encoding","date":"Tue, 30 Jun 2020 14:30:01 GMT","server":"ESF","cache-control":"private","x-xss-protection":"0","x-frame-options":"SAMEORIGIN","x-content-type-options":"nosniff","alt-svc":"h3-27=\":443\"; ma=2592000,h3-25=\":443\"; ma=2592000,h3-T050=\":443\"; ma=2592000,h3-Q050=\":443\"; ma=2592000,h3-Q046=\":443\"; ma=2592000,h3-Q043=\":443\"; ma=2592000,quic=\":443\"; ma=2592000; v=\"46,43\"","accept-ranges":"none","transfer-encoding":"chunked"}
[info] 
[info] === Serving from '/home/sushi/code/FaceReco/whatstheirface'...
[info] 
[debug] [2020-06-30T19:56:31.847Z] >>> HTTP REQUEST GET https://firebase.googleapis.com/v1beta1/projects/whatstheirface-f19b7/webApps/-/config  
 
[warn] ⚠  Your requested "node" version "8" doesn't match your global version "12" {"metadata":{"emulator":{"name":"functions"},"message":"Your requested \"node\" version \"8\" doesn't match your global version \"12\""}}
[debug] [2020-06-30T19:56:32.676Z] <<< HTTP RESPONSE 200 {"content-type":"application/json; charset=UTF-8","vary":"X-Origin, Referer, Origin,Accept-Encoding","date":"Tue, 30 Jun 2020 14:30:02 GMT","server":"ESF","cache-control":"private","x-xss-protection":"0","x-frame-options":"SAMEORIGIN","x-content-type-options":"nosniff","alt-svc":"h3-27=\":443\"; ma=2592000,h3-25=\":443\"; ma=2592000,h3-T050=\":443\"; ma=2592000,h3-Q050=\":443\"; ma=2592000,h3-Q046=\":443\"; ma=2592000,h3-Q043=\":443\"; ma=2592000,quic=\":443\"; ma=2592000; v=\"46,43\"","accept-ranges":"none","transfer-encoding":"chunked"}
[info] i  functions: Watching "/home/sushi/code/FaceReco/whatstheirface/functions" for Cloud Functions... {"metadata":{"emulator":{"name":"functions"},"message":"Watching \"/home/sushi/code/FaceReco/whatstheirface/functions\" for Cloud Functions..."}}
[debug] [2020-06-30T19:56:32.696Z] [worker-pool] addWorker(~diagnostic~) {"metadata":{"emulator":{"name":"functions"},"message":"[worker-pool] addWorker(~diagnostic~)"}}
[debug] [2020-06-30T19:56:32.697Z] [worker-pool] Adding worker with key ~diagnostic~, total=1 {"metadata":{"emulator":{"name":"functions"},"message":"[worker-pool] Adding worker with key ~diagnostic~, total=1"}}
[debug] [2020-06-30T19:56:32.697Z] [worker-pool] submitWork(triggerId=) {"metadata":{"emulator":{"name":"functions"},"message":"[worker-pool] submitWork(triggerId=)"}}
[debug] [2020-06-30T19:56:32.697Z] [worker-~diagnostic~-8bec0888-d0c2-4000-9ee1-f49fb38b50a3]: Assigning socketPath: /tmp/fire_emu_4200.sock {"metadata":{"emulator":{"name":"functions"},"message":"[worker-~diagnostic~-8bec0888-d0c2-4000-9ee1-f49fb38b50a3]: Assigning socketPath: /tmp/fire_emu_4200.sock"}}
[debug] [2020-06-30T19:56:32.697Z] [worker-~diagnostic~-8bec0888-d0c2-4000-9ee1-f49fb38b50a3]: BUSY {"metadata":{"emulator":{"name":"functions"},"message":"[worker-~diagnostic~-8bec0888-d0c2-4000-9ee1-f49fb38b50a3]: BUSY"}}
[info] i  hosting: Serving hosting files from: public {"metadata":{"emulator":{"name":"hosting"},"message":"Serving hosting files from: \u001b[1mpublic\u001b[22m"}}
[info] ✔  hosting: Local server: http://localhost:5000 {"metadata":{"emulator":{"name":"hosting"},"message":"Local server: \u001b[4m\u001b[1mhttp://localhost:5000\u001b[22m\u001b[24m"}}
[debug] [2020-06-30T19:56:32.890Z] [runtime-status] [4200] Functions runtime initialized. {"cwd":"/home/sushi/code/FaceReco/whatstheirface/functions","node_version":"12.16.1"} {"metadata":{"emulator":{"name":"functions"},"message":"[runtime-status] [4200] Functions runtime initialized. {\"cwd\":\"/home/sushi/code/FaceReco/whatstheirface/functions\",\"node_version\":\"12.16.1\"}"}}
[debug] [2020-06-30T19:56:32.890Z] [runtime-status] [4200] Disabled runtime features: undefined {"metadata":{"emulator":{"name":"functions"},"message":"[runtime-status] [4200] Disabled runtime features: undefined"}}
[warn] ⚠  The Cloud Functions emulator requires the module "firebase-admin" to be installed. This package is in your package.json, but it's not available. You probably need to run "npm install" in your functions directory. {"metadata":{"emulator":{"name":"functions"},"message":"The Cloud Functions emulator requires the module \"firebase-admin\" to be installed. This package is in your package.json, but it's not available. You probably need to run \"npm install\" in your functions directory."}}
[info] i  functions: Your functions could not be parsed due to an issue with your node_modules (see above) {"metadata":{"emulator":{"name":"functions"},"message":"Your functions could not be parsed due to an issue with your node_modules (see above)"}}
[debug] [2020-06-30T19:56:32.909Z] [worker-~diagnostic~-8bec0888-d0c2-4000-9ee1-f49fb38b50a3]: exited {"metadata":{"emulator":{"name":"functions"},"message":"[worker-~diagnostic~-8bec0888-d0c2-4000-9ee1-f49fb38b50a3]: exited"}}
[debug] [2020-06-30T19:56:32.909Z] [worker-~diagnostic~-8bec0888-d0c2-4000-9ee1-f49fb38b50a3]: FINISHED {"metadata":{"emulator":{"name":"functions"},"message":"[worker-~diagnostic~-8bec0888-d0c2-4000-9ee1-f49fb38b50a3]: FINISHED"}}
[info] i  hosting: 127.0.0.1 - - [30/Jun/2020:19:56:49 +0000] "GET / HTTP/1.1" 200 2472 "-" "Mozilla/5.0 (X11; Linux x86_64) AppleWebKit/537.36 (KHTML, like Gecko) Chrome/83.0.4103.116 Safari/537.36" {"metadata":{"emulator":{"name":"hosting"},"message":"127.0.0.1 - - [30/Jun/2020:19:56:49 +0000] \"GET / HTTP/1.1\" 200 2472 \"-\" \"Mozilla/5.0 (X11; Linux x86_64) AppleWebKit/537.36 (KHTML, like Gecko) Chrome/83.0.4103.116 Safari/537.36\""}}
